<?xml version="1.0" encoding="UTF-8"?>
<!-- Generated by org.testng.reporters.JUnitXMLReporter -->
<testsuite ignored="0" hostname="LTIN480017" failures="0" tests="13" name="Test" time="24.056" errors="0" timestamp="2024-02-16T12:26:51 IST">
  <testcase classname="testBase.BaseClass" name="@BeforeTest setup" time="23.663">
    <failure type="org.openqa.selenium.SessionNotCreatedException" message="Could not start a new session. Response code 500. Message: session not created: This version of ChromeDriver only supports Chrome version 118
Current browser version is 120.0.6099.130 with binary path C:\Program Files\Google\Chrome\Application\chrome.exe 
Host info: host: &amp;apos;LTIN480017&amp;apos;, ip: &amp;apos;10.203.181.148&amp;apos;
Build info: version: &amp;apos;4.15.0&amp;apos;, revision: &amp;apos;1d14b5521b&amp;apos;
System info: os.name: &amp;apos;Windows 11&amp;apos;, os.arch: &amp;apos;amd64&amp;apos;, os.version: &amp;apos;10.0&amp;apos;, java.version: &amp;apos;17.0.2&amp;apos;
Driver info: org.openqa.selenium.chrome.ChromeDriver
Command: [null, newSession {capabilities=[Capabilities {browserName: chrome, goog:chromeOptions: {args: [], binary: C:\Program Files\Google\Chr..., extensions: []}}]}]">
      <![CDATA[org.openqa.selenium.SessionNotCreatedException: Could not start a new session. Response code 500. Message: session not created: This version of ChromeDriver only supports Chrome version 118
Current browser version is 120.0.6099.130 with binary path C:\Program Files\Google\Chrome\Application\chrome.exe 
Host info: host: 'LTIN480017', ip: '10.203.181.148'
Build info: version: '4.15.0', revision: '1d14b5521b'
System info: os.name: 'Windows 11', os.arch: 'amd64', os.version: '10.0', java.version: '17.0.2'
Driver info: org.openqa.selenium.chrome.ChromeDriver
Command: [null, newSession {capabilities=[Capabilities {browserName: chrome, goog:chromeOptions: {args: [], binary: C:\Program Files\Google\Chr..., extensions: []}}]}]
at org.openqa.selenium.remote.ProtocolHandshake.createSession(ProtocolHandshake.java:140)
at org.openqa.selenium.remote.ProtocolHandshake.createSession(ProtocolHandshake.java:96)
at org.openqa.selenium.remote.ProtocolHandshake.createSession(ProtocolHandshake.java:68)
at org.openqa.selenium.remote.HttpCommandExecutor.execute(HttpCommandExecutor.java:163)
at org.openqa.selenium.remote.service.DriverCommandExecutor.invokeExecute(DriverCommandExecutor.java:200)
at org.openqa.selenium.remote.service.DriverCommandExecutor.execute(DriverCommandExecutor.java:175)
at org.openqa.selenium.remote.RemoteWebDriver.execute(RemoteWebDriver.java:607)
at org.openqa.selenium.remote.RemoteWebDriver.startSession(RemoteWebDriver.java:241)
at org.openqa.selenium.remote.RemoteWebDriver.<init>(RemoteWebDriver.java:168)
at org.openqa.selenium.chromium.ChromiumDriver.<init>(ChromiumDriver.java:108)
at org.openqa.selenium.chrome.ChromeDriver.<init>(ChromeDriver.java:89)
at org.openqa.selenium.chrome.ChromeDriver.<init>(ChromeDriver.java:84)
at org.openqa.selenium.chrome.ChromeDriver.<init>(ChromeDriver.java:52)
at testBase.BaseClass.setup(BaseClass.java:146)
... Removed 28 stack frames]]>
    </failure>
  </testcase> <!-- @BeforeTest setup -->
  <testcase classname="testBase.BaseClass" name="@AfterTest tearDown" time="0.0">
    <skipped/>
  </testcase> <!-- @AfterTest tearDown -->
  <testcase classname="testCases.TC001_SearchHomePage" name="searchHomePage" time="0.0">
    <skipped/>
  </testcase> <!-- searchHomePage -->
  <testcase classname="testCases.TC002_WebDevelopmentPage" name="levelSelector" time="0.0">
    <skipped/>
  </testcase> <!-- levelSelector -->
  <testcase classname="testCases.TC002_WebDevelopmentPage" name="languageSelect" time="0.0">
    <skipped/>
  </testcase> <!-- languageSelect -->
  <testcase classname="testCases.TC002_WebDevelopmentPage" name="Result" time="0.0">
    <skipped/>
  </testcase> <!-- Result -->
  <testcase classname="testCases.TC002_WebDevelopmentPage" name="deatilsFirstCard" time="0.0">
    <skipped/>
  </testcase> <!-- deatilsFirstCard -->
  <testcase classname="testCases.TC002_WebDevelopmentPage" name="Headings" time="0.0">
    <skipped/>
  </testcase> <!-- Headings -->
  <testcase classname="testCases.TC001_SearchHomePage" name="Search2" time="0.0">
    <skipped/>
  </testcase> <!-- Search2 -->
  <testcase classname="testCases.TC003_LanguageLearning" name="displayLevels" time="0.0">
    <skipped/>
  </testcase> <!-- displayLevels -->
  <testcase classname="testCases.TC003_LanguageLearning" name="displayLanguages" time="0.0">
    <skipped/>
  </testcase> <!-- displayLanguages -->
  <testcase classname="testCases.TC001_SearchHomePage" name="ThirdtimeHomepage" time="0.0">
    <skipped/>
  </testcase> <!-- ThirdtimeHomepage -->
  <testcase classname="testCases.TC004_BusinessCoursera" name="clickSolution" time="0.0">
    <skipped/>
  </testcase> <!-- clickSolution -->
  <testcase classname="testCases.TC004_BusinessCoursera" name="clickContactUs" time="0.0">
    <skipped/>
  </testcase> <!-- clickContactUs -->
  <testcase classname="testCases.TC004_BusinessCoursera" name="details" time="0.0">
    <skipped/>
  </testcase> <!-- details -->
</testsuite> <!-- Test -->
