<?xml version="1.0" encoding="UTF-8"?>
<!-- Generated by org.testng.reporters.JUnitReportReporter -->
<testsuite hostname="LTIN480017" failures="0" tests="14" name="testCases.TC004_BusinessCoursera" time="23.663" errors="1" timestamp="2024-02-16T12:26:51 IST" skipped="13">
  <testcase classname="testCases.TC004_BusinessCoursera" name="setup" time="23.663">
    <error message="Could not start a new session. Response code 500. Message: session not created: This version of ChromeDriver only supports Chrome version 118
Current browser version is 120.0.6099.130 with binary path C:\Program Files\Google\Chrome\Application\chrome.exe 
Host info: host: &#039;LTIN480017&#039;, ip: &#039;10.203.181.148&#039;
Build info: version: &#039;4.15.0&#039;, revision: &#039;1d14b5521b&#039;
System info: os.name: &#039;Windows 11&#039;, os.arch: &#039;amd64&#039;, os.version: &#039;10.0&#039;, java.version: &#039;17.0.2&#039;
Driver info: org.openqa.selenium.chrome.ChromeDriver
Command: [null, newSession {capabilities=[Capabilities {browserName: chrome, goog:chromeOptions: {args: [], binary: C:\Program Files\Google\Chr..., extensions: []}}]}]" type="org.openqa.selenium.SessionNotCreatedException">
      <![CDATA[org.openqa.selenium.SessionNotCreatedException: Could not start a new session. Response code 500. Message: session not created: This version of ChromeDriver only supports Chrome version 118
Current browser version is 120.0.6099.130 with binary path C:\Program Files\Google\Chrome\Application\chrome.exe 
Host info: host: 'LTIN480017', ip: '10.203.181.148'
Build info: version: '4.15.0', revision: '1d14b5521b'
System info: os.name: 'Windows 11', os.arch: 'amd64', os.version: '10.0', java.version: '17.0.2'
Driver info: org.openqa.selenium.chrome.ChromeDriver
Command: [null, newSession {capabilities=[Capabilities {browserName: chrome, goog:chromeOptions: {args: [], binary: C:\Program Files\Google\Chr..., extensions: []}}]}]
at org.openqa.selenium.remote.ProtocolHandshake.createSession(ProtocolHandshake.java:140)
at org.openqa.selenium.remote.ProtocolHandshake.createSession(ProtocolHandshake.java:96)
at org.openqa.selenium.remote.ProtocolHandshake.createSession(ProtocolHandshake.java:68)
at org.openqa.selenium.remote.HttpCommandExecutor.execute(HttpCommandExecutor.java:163)
at org.openqa.selenium.remote.service.DriverCommandExecutor.invokeExecute(DriverCommandExecutor.java:200)
at org.openqa.selenium.remote.service.DriverCommandExecutor.execute(DriverCommandExecutor.java:175)
at org.openqa.selenium.remote.RemoteWebDriver.execute(RemoteWebDriver.java:607)
at org.openqa.selenium.remote.RemoteWebDriver.startSession(RemoteWebDriver.java:241)
at org.openqa.selenium.remote.RemoteWebDriver.<init>(RemoteWebDriver.java:168)
at org.openqa.selenium.chromium.ChromiumDriver.<init>(ChromiumDriver.java:108)
at org.openqa.selenium.chrome.ChromeDriver.<init>(ChromeDriver.java:89)
at org.openqa.selenium.chrome.ChromeDriver.<init>(ChromeDriver.java:84)
at org.openqa.selenium.chrome.ChromeDriver.<init>(ChromeDriver.java:52)
at testBase.BaseClass.setup(BaseClass.java:146)
at java.base/jdk.internal.reflect.NativeMethodAccessorImpl.invoke0(Native Method)
at java.base/jdk.internal.reflect.NativeMethodAccessorImpl.invoke(NativeMethodAccessorImpl.java:77)
at java.base/jdk.internal.reflect.DelegatingMethodAccessorImpl.invoke(DelegatingMethodAccessorImpl.java:43)
at java.base/java.lang.reflect.Method.invoke(Method.java:568)
at org.testng.internal.invokers.MethodInvocationHelper.invokeMethod(MethodInvocationHelper.java:139)
at org.testng.internal.invokers.MethodInvocationHelper.invokeMethodConsideringTimeout(MethodInvocationHelper.java:69)
at org.testng.internal.invokers.ConfigInvoker.invokeConfigurationMethod(ConfigInvoker.java:390)
at org.testng.internal.invokers.ConfigInvoker.invokeConfigurations(ConfigInvoker.java:325)
at org.testng.TestRunner.invokeTestConfigurations(TestRunner.java:663)
at org.testng.TestRunner.beforeRun(TestRunner.java:652)
at org.testng.TestRunner.run(TestRunner.java:614)
at org.testng.SuiteRunner.runTest(SuiteRunner.java:443)
at org.testng.SuiteRunner.runSequentially(SuiteRunner.java:437)
at org.testng.SuiteRunner.privateRun(SuiteRunner.java:397)
at org.testng.SuiteRunner.run(SuiteRunner.java:336)
at org.testng.SuiteRunnerWorker.runSuite(SuiteRunnerWorker.java:52)
at org.testng.SuiteRunnerWorker.run(SuiteRunnerWorker.java:95)
at org.testng.TestNG.runSuitesSequentially(TestNG.java:1280)
at org.testng.TestNG.runSuitesLocally(TestNG.java:1200)
at org.testng.TestNG.runSuites(TestNG.java:1114)
at org.testng.TestNG.run(TestNG.java:1082)
at org.apache.maven.surefire.testng.TestNGExecutor.run(TestNGExecutor.java:308)
at org.apache.maven.surefire.testng.TestNGXmlTestSuite.execute(TestNGXmlTestSuite.java:71)
at org.apache.maven.surefire.testng.TestNGProvider.invoke(TestNGProvider.java:113)
at org.apache.maven.surefire.booter.ForkedBooter.runSuitesInProcess(ForkedBooter.java:385)
at org.apache.maven.surefire.booter.ForkedBooter.execute(ForkedBooter.java:162)
at org.apache.maven.surefire.booter.ForkedBooter.run(ForkedBooter.java:507)
at org.apache.maven.surefire.booter.ForkedBooter.main(ForkedBooter.java:495)
]]>
    </error>
  </testcase> <!-- setup -->
  <testcase classname="testCases.TC004_BusinessCoursera" name="searchHomePage" time="0.000">
    <skipped/>
  </testcase> <!-- searchHomePage -->
  <testcase classname="testCases.TC004_BusinessCoursera" name="levelSelector" time="0.000">
    <skipped/>
  </testcase> <!-- levelSelector -->
  <testcase classname="testCases.TC004_BusinessCoursera" name="languageSelect" time="0.000">
    <skipped/>
  </testcase> <!-- languageSelect -->
  <testcase classname="testCases.TC004_BusinessCoursera" name="Result" time="0.000">
    <skipped/>
  </testcase> <!-- Result -->
  <testcase classname="testCases.TC004_BusinessCoursera" name="deatilsFirstCard" time="0.000">
    <skipped/>
  </testcase> <!-- deatilsFirstCard -->
  <testcase classname="testCases.TC004_BusinessCoursera" name="Headings" time="0.000">
    <skipped/>
  </testcase> <!-- Headings -->
  <testcase classname="testCases.TC004_BusinessCoursera" name="Search2" time="0.000">
    <skipped/>
  </testcase> <!-- Search2 -->
  <testcase classname="testCases.TC004_BusinessCoursera" name="displayLevels" time="0.000">
    <skipped/>
  </testcase> <!-- displayLevels -->
  <testcase classname="testCases.TC004_BusinessCoursera" name="displayLanguages" time="0.000">
    <skipped/>
  </testcase> <!-- displayLanguages -->
  <testcase classname="testCases.TC004_BusinessCoursera" name="ThirdtimeHomepage" time="0.000">
    <skipped/>
  </testcase> <!-- ThirdtimeHomepage -->
  <testcase classname="testCases.TC004_BusinessCoursera" name="clickSolution" time="0.000">
    <skipped/>
  </testcase> <!-- clickSolution -->
  <testcase classname="testCases.TC004_BusinessCoursera" name="clickContactUs" time="0.000">
    <skipped/>
  </testcase> <!-- clickContactUs -->
  <testcase classname="testCases.TC004_BusinessCoursera" name="details" time="0.000">
    <skipped/>
  </testcase> <!-- details -->
</testsuite> <!-- testCases.TC004_BusinessCoursera -->
